Analysis & Synthesis report for part2
Mon Jan 28 14:45:01 2019
Quartus Prime Version 18.0.0 Build 614 04/24/2018 SJ Standard Edition


---------------------
; Table of Contents ;
---------------------
  1. Legal Notice
  2. Analysis & Synthesis Summary
  3. Analysis & Synthesis Settings
  4. Parallel Compilation
  5. Analysis & Synthesis Source Files Read
  6. Analysis & Synthesis Resource Usage Summary
  7. Analysis & Synthesis Resource Utilization by Entity
  8. Analysis & Synthesis RAM Summary
  9. Analysis & Synthesis IP Cores Summary
 10. State Machine - |part2|proc:U1|Tstep_Q
 11. Registers Removed During Synthesis
 12. General Register Statistics
 13. Multiplexer Restructuring Statistics (Restructuring Performed)
 14. Source assignments for inst_mem:U2|altsyncram:altsyncram_component|altsyncram_5oj1:auto_generated
 15. Parameter Settings for User Entity Instance: proc:U1
 16. Parameter Settings for User Entity Instance: proc:U1|regn:reg_0
 17. Parameter Settings for User Entity Instance: proc:U1|regn:reg_1
 18. Parameter Settings for User Entity Instance: proc:U1|regn:reg_2
 19. Parameter Settings for User Entity Instance: proc:U1|regn:reg_3
 20. Parameter Settings for User Entity Instance: proc:U1|regn:reg_4
 21. Parameter Settings for User Entity Instance: proc:U1|regn:reg_5
 22. Parameter Settings for User Entity Instance: proc:U1|regn:reg_6
 23. Parameter Settings for User Entity Instance: proc:U1|regn:reg_7
 24. Parameter Settings for User Entity Instance: proc:U1|regn:reg_A
 25. Parameter Settings for User Entity Instance: proc:U1|regn:reg_IR
 26. Parameter Settings for User Entity Instance: proc:U1|regn:reg_G
 27. Parameter Settings for User Entity Instance: inst_mem:U2|altsyncram:altsyncram_component
 28. altsyncram Parameter Settings by Entity Instance
 29. Port Connectivity Checks: "proc:U1|dec3to8:decY"
 30. Port Connectivity Checks: "proc:U1|dec3to8:decX"
 31. Post-Synthesis Netlist Statistics for Top Partition
 32. Elapsed Time Per Partition
 33. Analysis & Synthesis Messages



----------------
; Legal Notice ;
----------------
Copyright (C) 2018  Intel Corporation. All rights reserved.
Your use of Intel Corporation's design tools, logic functions 
and other software and tools, and its AMPP partner logic 
functions, and any output files from any of the foregoing 
(including device programming or simulation files), and any 
associated documentation or information are expressly subject 
to the terms and conditions of the Intel Program License 
Subscription Agreement, the Intel Quartus Prime License Agreement,
the Intel FPGA IP License Agreement, or other applicable license
agreement, including, without limitation, that your use is for
the sole purpose of programming logic devices manufactured by
Intel and sold by Intel or its authorized distributors.  Please
refer to the applicable agreement for further details.



+-----------------------------------------------------------------------------------+
; Analysis & Synthesis Summary                                                      ;
+---------------------------------+-------------------------------------------------+
; Analysis & Synthesis Status     ; Successful - Mon Jan 28 14:45:01 2019           ;
; Quartus Prime Version           ; 18.0.0 Build 614 04/24/2018 SJ Standard Edition ;
; Revision Name                   ; part2                                           ;
; Top-level Entity Name           ; part2                                           ;
; Family                          ; Cyclone V                                       ;
; Logic utilization (in ALMs)     ; N/A                                             ;
; Total registers                 ; 108                                             ;
; Total pins                      ; 22                                              ;
; Total virtual pins              ; 0                                               ;
; Total block memory bits         ; 288                                             ;
; Total DSP Blocks                ; 0                                               ;
; Total HSSI RX PCSs              ; 0                                               ;
; Total HSSI PMA RX Deserializers ; 0                                               ;
; Total HSSI TX PCSs              ; 0                                               ;
; Total HSSI PMA TX Serializers   ; 0                                               ;
; Total PLLs                      ; 0                                               ;
; Total DLLs                      ; 0                                               ;
+---------------------------------+-------------------------------------------------+


+---------------------------------------------------------------------------------------------------------------------------+
; Analysis & Synthesis Settings                                                                                             ;
+---------------------------------------------------------------------------------+--------------------+--------------------+
; Option                                                                          ; Setting            ; Default Value      ;
+---------------------------------------------------------------------------------+--------------------+--------------------+
; Device                                                                          ; 5CSEMA5F31C6       ;                    ;
; Top-level entity name                                                           ; part2              ; part2              ;
; Family name                                                                     ; Cyclone V          ; Cyclone V          ;
; Use smart compilation                                                           ; Off                ; Off                ;
; Enable parallel Assembler and Timing Analyzer during compilation                ; On                 ; On                 ;
; Enable compact report table                                                     ; Off                ; Off                ;
; Restructure Multiplexers                                                        ; Auto               ; Auto               ;
; MLAB Add Timing Constraints For Mixed-Port Feed-Through Mode Setting Don't Care ; Off                ; Off                ;
; Create Debugging Nodes for IP Cores                                             ; Off                ; Off                ;
; Preserve fewer node names                                                       ; On                 ; On                 ;
; Intel FPGA IP Evaluation Mode                                                   ; Enable             ; Enable             ;
; Verilog Version                                                                 ; Verilog_2001       ; Verilog_2001       ;
; VHDL Version                                                                    ; VHDL_1993          ; VHDL_1993          ;
; State Machine Processing                                                        ; Auto               ; Auto               ;
; Safe State Machine                                                              ; Off                ; Off                ;
; Extract Verilog State Machines                                                  ; On                 ; On                 ;
; Extract VHDL State Machines                                                     ; On                 ; On                 ;
; Ignore Verilog initial constructs                                               ; Off                ; Off                ;
; Iteration limit for constant Verilog loops                                      ; 5000               ; 5000               ;
; Iteration limit for non-constant Verilog loops                                  ; 250                ; 250                ;
; Add Pass-Through Logic to Inferred RAMs                                         ; On                 ; On                 ;
; Infer RAMs from Raw Logic                                                       ; On                 ; On                 ;
; Parallel Synthesis                                                              ; On                 ; On                 ;
; DSP Block Balancing                                                             ; Auto               ; Auto               ;
; NOT Gate Push-Back                                                              ; On                 ; On                 ;
; Power-Up Don't Care                                                             ; On                 ; On                 ;
; Remove Redundant Logic Cells                                                    ; Off                ; Off                ;
; Remove Duplicate Registers                                                      ; On                 ; On                 ;
; Ignore CARRY Buffers                                                            ; Off                ; Off                ;
; Ignore CASCADE Buffers                                                          ; Off                ; Off                ;
; Ignore GLOBAL Buffers                                                           ; Off                ; Off                ;
; Ignore ROW GLOBAL Buffers                                                       ; Off                ; Off                ;
; Ignore LCELL Buffers                                                            ; Off                ; Off                ;
; Ignore SOFT Buffers                                                             ; On                 ; On                 ;
; Limit AHDL Integers to 32 Bits                                                  ; Off                ; Off                ;
; Optimization Technique                                                          ; Balanced           ; Balanced           ;
; Carry Chain Length                                                              ; 70                 ; 70                 ;
; Auto Carry Chains                                                               ; On                 ; On                 ;
; Auto Open-Drain Pins                                                            ; On                 ; On                 ;
; Perform WYSIWYG Primitive Resynthesis                                           ; Off                ; Off                ;
; Auto ROM Replacement                                                            ; On                 ; On                 ;
; Auto RAM Replacement                                                            ; On                 ; On                 ;
; Auto DSP Block Replacement                                                      ; On                 ; On                 ;
; Auto Shift Register Replacement                                                 ; Auto               ; Auto               ;
; Allow Shift Register Merging across Hierarchies                                 ; Auto               ; Auto               ;
; Auto Clock Enable Replacement                                                   ; On                 ; On                 ;
; Strict RAM Replacement                                                          ; Off                ; Off                ;
; Allow Synchronous Control Signals                                               ; On                 ; On                 ;
; Force Use of Synchronous Clear Signals                                          ; Off                ; Off                ;
; Auto Resource Sharing                                                           ; Off                ; Off                ;
; Allow Any RAM Size For Recognition                                              ; Off                ; Off                ;
; Allow Any ROM Size For Recognition                                              ; Off                ; Off                ;
; Allow Any Shift Register Size For Recognition                                   ; Off                ; Off                ;
; Use LogicLock Constraints during Resource Balancing                             ; On                 ; On                 ;
; Ignore translate_off and synthesis_off directives                               ; Off                ; Off                ;
; Timing-Driven Synthesis                                                         ; On                 ; On                 ;
; Report Parameter Settings                                                       ; On                 ; On                 ;
; Report Source Assignments                                                       ; On                 ; On                 ;
; Report Connectivity Checks                                                      ; On                 ; On                 ;
; Ignore Maximum Fan-Out Assignments                                              ; Off                ; Off                ;
; Synchronization Register Chain Length                                           ; 3                  ; 3                  ;
; Power Optimization During Synthesis                                             ; Normal compilation ; Normal compilation ;
; HDL message level                                                               ; Level2             ; Level2             ;
; Suppress Register Optimization Related Messages                                 ; Off                ; Off                ;
; Number of Removed Registers Reported in Synthesis Report                        ; 5000               ; 5000               ;
; Number of Swept Nodes Reported in Synthesis Report                              ; 5000               ; 5000               ;
; Number of Inverted Registers Reported in Synthesis Report                       ; 100                ; 100                ;
; Clock MUX Protection                                                            ; On                 ; On                 ;
; Auto Gated Clock Conversion                                                     ; Off                ; Off                ;
; Block Design Naming                                                             ; Auto               ; Auto               ;
; SDC constraint protection                                                       ; Off                ; Off                ;
; Synthesis Effort                                                                ; Auto               ; Auto               ;
; Shift Register Replacement - Allow Asynchronous Clear Signal                    ; On                 ; On                 ;
; Pre-Mapping Resynthesis Optimization                                            ; Off                ; Off                ;
; Analysis & Synthesis Message Level                                              ; Medium             ; Medium             ;
; Disable Register Merging Across Hierarchies                                     ; Auto               ; Auto               ;
; Resource Aware Inference For Block RAM                                          ; On                 ; On                 ;
; Automatic Parallel Synthesis                                                    ; On                 ; On                 ;
; Partial Reconfiguration Bitstream ID                                            ; Off                ; Off                ;
+---------------------------------------------------------------------------------+--------------------+--------------------+


+------------------------------------------+
; Parallel Compilation                     ;
+----------------------------+-------------+
; Processors                 ; Number      ;
+----------------------------+-------------+
; Number detected on machine ; 8           ;
; Maximum allowed            ; 4           ;
;                            ;             ;
; Average used               ; 1.00        ;
; Maximum used               ; 4           ;
;                            ;             ;
; Usage by Processor         ; % Time Used ;
;     Processor 1            ; 100.0%      ;
;     Processors 2-4         ;   0.0%      ;
+----------------------------+-------------+


+----------------------------------------------------------------------------------------------------------------------------------------------------------------------------------------------------+
; Analysis & Synthesis Source Files Read                                                                                                                                                             ;
+-----------------------------------------------------+-----------------+----------------------------------------+-------------------------------------------------------------------------+---------+
; File Name with User-Entered Path                    ; Used in Netlist ; File Type                              ; File Name with Absolute Path                                            ; Library ;
+-----------------------------------------------------+-----------------+----------------------------------------+-------------------------------------------------------------------------+---------+
; part2.v                                             ; yes             ; User Verilog HDL File                  ; W:/ECE243/Design_Files_1/part2.Verilog/part2.v                          ;         ;
; inst_mem.v                                          ; yes             ; User Wizard-Generated File             ; W:/ECE243/Design_Files_1/part2.Verilog/inst_mem.v                       ;         ;
; proc.v                                              ; yes             ; Auto-Found Verilog HDL File            ; W:/ECE243/Design_Files_1/part2.Verilog/proc.v                           ;         ;
; altsyncram.tdf                                      ; yes             ; Megafunction                           ; c:/desl/quartus18/quartus/libraries/megafunctions/altsyncram.tdf        ;         ;
; stratix_ram_block.inc                               ; yes             ; Megafunction                           ; c:/desl/quartus18/quartus/libraries/megafunctions/stratix_ram_block.inc ;         ;
; lpm_mux.inc                                         ; yes             ; Megafunction                           ; c:/desl/quartus18/quartus/libraries/megafunctions/lpm_mux.inc           ;         ;
; lpm_decode.inc                                      ; yes             ; Megafunction                           ; c:/desl/quartus18/quartus/libraries/megafunctions/lpm_decode.inc        ;         ;
; aglobal180.inc                                      ; yes             ; Megafunction                           ; c:/desl/quartus18/quartus/libraries/megafunctions/aglobal180.inc        ;         ;
; a_rdenreg.inc                                       ; yes             ; Megafunction                           ; c:/desl/quartus18/quartus/libraries/megafunctions/a_rdenreg.inc         ;         ;
; altrom.inc                                          ; yes             ; Megafunction                           ; c:/desl/quartus18/quartus/libraries/megafunctions/altrom.inc            ;         ;
; altram.inc                                          ; yes             ; Megafunction                           ; c:/desl/quartus18/quartus/libraries/megafunctions/altram.inc            ;         ;
; altdpram.inc                                        ; yes             ; Megafunction                           ; c:/desl/quartus18/quartus/libraries/megafunctions/altdpram.inc          ;         ;
; db/altsyncram_5oj1.tdf                              ; yes             ; Auto-Generated Megafunction            ; W:/ECE243/Design_Files_1/part2.Verilog/db/altsyncram_5oj1.tdf           ;         ;
; W:/ECE243/Design_Files_1/part2.Verilog/inst_mem.mif ; yes             ; Auto-Found Memory Initialization File  ; W:/ECE243/Design_Files_1/part2.Verilog/inst_mem.mif                     ;         ;
+-----------------------------------------------------+-----------------+----------------------------------------+-------------------------------------------------------------------------+---------+


+------------------------------------------------------------+
; Analysis & Synthesis Resource Usage Summary                ;
+---------------------------------------------+--------------+
; Resource                                    ; Usage        ;
+---------------------------------------------+--------------+
; Estimate of Logic utilization (ALMs needed) ; 77           ;
;                                             ;              ;
; Combinational ALUT usage for logic          ; 95           ;
;     -- 7 input functions                    ; 0            ;
;     -- 6 input functions                    ; 37           ;
;     -- 5 input functions                    ; 8            ;
;     -- 4 input functions                    ; 30           ;
;     -- <=3 input functions                  ; 20           ;
;                                             ;              ;
; Dedicated logic registers                   ; 108          ;
;                                             ;              ;
; I/O pins                                    ; 22           ;
; Total MLAB memory bits                      ; 0            ;
; Total block memory bits                     ; 288          ;
;                                             ;              ;
; Total DSP Blocks                            ; 0            ;
;                                             ;              ;
; Maximum fan-out node                        ; KEY[1]~input ;
; Maximum fan-out                             ; 103          ;
; Total fan-out                               ; 849          ;
; Average fan-out                             ; 3.32         ;
+---------------------------------------------+--------------+


+-------------------------------------------------------------------------------------------------------------------------------------------------------------------------------------------------------------------------------------------------------------------------+
; Analysis & Synthesis Resource Utilization by Entity                                                                                                                                                                                                                     ;
+-------------------------------------------+---------------------+---------------------------+-------------------+------------+------+--------------+-----------------------------------------------------------------------------------+-----------------+--------------+
; Compilation Hierarchy Node                ; Combinational ALUTs ; Dedicated Logic Registers ; Block Memory Bits ; DSP Blocks ; Pins ; Virtual Pins ; Full Hierarchy Name                                                               ; Entity Name     ; Library Name ;
+-------------------------------------------+---------------------+---------------------------+-------------------+------------+------+--------------+-----------------------------------------------------------------------------------+-----------------+--------------+
; |part2                                    ; 95 (0)              ; 108 (0)                   ; 288               ; 0          ; 22   ; 0            ; |part2                                                                            ; part2           ; work         ;
;    |count5:U3|                            ; 5 (5)               ; 5 (5)                     ; 0                 ; 0          ; 0    ; 0            ; |part2|count5:U3                                                                  ; count5          ; work         ;
;    |inst_mem:U2|                          ; 0 (0)               ; 0 (0)                     ; 288               ; 0          ; 0    ; 0            ; |part2|inst_mem:U2                                                                ; inst_mem        ; work         ;
;       |altsyncram:altsyncram_component|   ; 0 (0)               ; 0 (0)                     ; 288               ; 0          ; 0    ; 0            ; |part2|inst_mem:U2|altsyncram:altsyncram_component                                ; altsyncram      ; work         ;
;          |altsyncram_5oj1:auto_generated| ; 0 (0)               ; 0 (0)                     ; 288               ; 0          ; 0    ; 0            ; |part2|inst_mem:U2|altsyncram:altsyncram_component|altsyncram_5oj1:auto_generated ; altsyncram_5oj1 ; work         ;
;    |proc:U1|                              ; 90 (90)             ; 103 (4)                   ; 0                 ; 0          ; 0    ; 0            ; |part2|proc:U1                                                                    ; proc            ; work         ;
;       |regn:reg_0|                        ; 0 (0)               ; 9 (9)                     ; 0                 ; 0          ; 0    ; 0            ; |part2|proc:U1|regn:reg_0                                                         ; regn            ; work         ;
;       |regn:reg_1|                        ; 0 (0)               ; 9 (9)                     ; 0                 ; 0          ; 0    ; 0            ; |part2|proc:U1|regn:reg_1                                                         ; regn            ; work         ;
;       |regn:reg_2|                        ; 0 (0)               ; 9 (9)                     ; 0                 ; 0          ; 0    ; 0            ; |part2|proc:U1|regn:reg_2                                                         ; regn            ; work         ;
;       |regn:reg_3|                        ; 0 (0)               ; 9 (9)                     ; 0                 ; 0          ; 0    ; 0            ; |part2|proc:U1|regn:reg_3                                                         ; regn            ; work         ;
;       |regn:reg_4|                        ; 0 (0)               ; 9 (9)                     ; 0                 ; 0          ; 0    ; 0            ; |part2|proc:U1|regn:reg_4                                                         ; regn            ; work         ;
;       |regn:reg_5|                        ; 0 (0)               ; 9 (9)                     ; 0                 ; 0          ; 0    ; 0            ; |part2|proc:U1|regn:reg_5                                                         ; regn            ; work         ;
;       |regn:reg_6|                        ; 0 (0)               ; 9 (9)                     ; 0                 ; 0          ; 0    ; 0            ; |part2|proc:U1|regn:reg_6                                                         ; regn            ; work         ;
;       |regn:reg_7|                        ; 0 (0)               ; 9 (9)                     ; 0                 ; 0          ; 0    ; 0            ; |part2|proc:U1|regn:reg_7                                                         ; regn            ; work         ;
;       |regn:reg_A|                        ; 0 (0)               ; 9 (9)                     ; 0                 ; 0          ; 0    ; 0            ; |part2|proc:U1|regn:reg_A                                                         ; regn            ; work         ;
;       |regn:reg_G|                        ; 0 (0)               ; 9 (9)                     ; 0                 ; 0          ; 0    ; 0            ; |part2|proc:U1|regn:reg_G                                                         ; regn            ; work         ;
;       |regn:reg_IR|                       ; 0 (0)               ; 9 (9)                     ; 0                 ; 0          ; 0    ; 0            ; |part2|proc:U1|regn:reg_IR                                                        ; regn            ; work         ;
+-------------------------------------------+---------------------+---------------------------+-------------------+------------+------+--------------+-----------------------------------------------------------------------------------+-----------------+--------------+
Note: For table entries with two numbers listed, the numbers in parentheses indicate the number of resources of the given type used by the specific entity alone. The numbers listed outside of parentheses indicate the total resources of the given type used by the specific entity and all of its sub-entities in the hierarchy.


+------------------------------------------------------------------------------------------------------------------------------------------------------------------------------------------------------------------------------+
; Analysis & Synthesis RAM Summary                                                                                                                                                                                             ;
+---------------------------------------------------------------------------------------+------+------+--------------+--------------+--------------+--------------+------+-----------------------------------------------------+
; Name                                                                                  ; Type ; Mode ; Port A Depth ; Port A Width ; Port B Depth ; Port B Width ; Size ; MIF                                                 ;
+---------------------------------------------------------------------------------------+------+------+--------------+--------------+--------------+--------------+------+-----------------------------------------------------+
; inst_mem:U2|altsyncram:altsyncram_component|altsyncram_5oj1:auto_generated|ALTSYNCRAM ; AUTO ; ROM  ; 32           ; 9            ; --           ; --           ; 288  ; W:/ECE243/Design_Files_1/part2.Verilog/inst_mem.mif ;
+---------------------------------------------------------------------------------------+------+------+--------------+--------------+--------------+--------------+------+-----------------------------------------------------+


+------------------------------------------------------------------------------------------------------+
; Analysis & Synthesis IP Cores Summary                                                                ;
+--------+--------------+---------+--------------+--------------+--------------------+-----------------+
; Vendor ; IP Core Name ; Version ; Release Date ; License Type ; Entity Instance    ; IP Include File ;
+--------+--------------+---------+--------------+--------------+--------------------+-----------------+
; Altera ; ROM: 1-PORT  ; 18.0    ; N/A          ; N/A          ; |part2|inst_mem:U2 ; inst_mem.v      ;
+--------+--------------+---------+--------------+--------------+--------------------+-----------------+


Encoding Type:  One-Hot
+----------------------------------------------------------------+
; State Machine - |part2|proc:U1|Tstep_Q                         ;
+------------+------------+------------+------------+------------+
; Name       ; Tstep_Q.T3 ; Tstep_Q.T2 ; Tstep_Q.T1 ; Tstep_Q.T0 ;
+------------+------------+------------+------------+------------+
; Tstep_Q.T0 ; 0          ; 0          ; 0          ; 0          ;
; Tstep_Q.T1 ; 0          ; 0          ; 1          ; 1          ;
; Tstep_Q.T2 ; 0          ; 1          ; 0          ; 1          ;
; Tstep_Q.T3 ; 1          ; 0          ; 0          ; 1          ;
+------------+------------+------------+------------+------------+


+------------------------------------------------------------+
; Registers Removed During Synthesis                         ;
+---------------------------------------+--------------------+
; Register name                         ; Reason for Removal ;
+---------------------------------------+--------------------+
; proc:U1|Tstep_Q~4                     ; Lost fanout        ;
; proc:U1|Tstep_Q~5                     ; Lost fanout        ;
; Total Number of Removed Registers = 2 ;                    ;
+---------------------------------------+--------------------+


+------------------------------------------------------+
; General Register Statistics                          ;
+----------------------------------------------+-------+
; Statistic                                    ; Value ;
+----------------------------------------------+-------+
; Total registers                              ; 108   ;
; Number of registers using Synchronous Clear  ; 0     ;
; Number of registers using Synchronous Load   ; 0     ;
; Number of registers using Asynchronous Clear ; 9     ;
; Number of registers using Asynchronous Load  ; 0     ;
; Number of registers using Clock Enable       ; 99    ;
; Number of registers using Preset             ; 0     ;
+----------------------------------------------+-------+


+------------------------------------------------------------------------------------------------------------------------------------------+
; Multiplexer Restructuring Statistics (Restructuring Performed)                                                                           ;
+--------------------+-----------+---------------+----------------------+------------------------+------------+----------------------------+
; Multiplexer Inputs ; Bus Width ; Baseline Area ; Area if Restructured ; Saving if Restructured ; Registered ; Example Multiplexer Output ;
+--------------------+-----------+---------------+----------------------+------------------------+------------+----------------------------+
; 8:1                ; 8 bits    ; 40 LEs        ; 16 LEs               ; 24 LEs                 ; No         ; |part2|proc:U1|Mux0        ;
; 10:1               ; 9 bits    ; 54 LEs        ; 54 LEs               ; 0 LEs                  ; No         ; |part2|proc:U1|BusWires[1] ;
+--------------------+-----------+---------------+----------------------+------------------------+------------+----------------------------+


+---------------------------------------------------------------------------------------------------+
; Source assignments for inst_mem:U2|altsyncram:altsyncram_component|altsyncram_5oj1:auto_generated ;
+---------------------------------+--------------------+------+-------------------------------------+
; Assignment                      ; Value              ; From ; To                                  ;
+---------------------------------+--------------------+------+-------------------------------------+
; OPTIMIZE_POWER_DURING_SYNTHESIS ; NORMAL_COMPILATION ; -    ; -                                   ;
+---------------------------------+--------------------+------+-------------------------------------+


+------------------------------------------------------+
; Parameter Settings for User Entity Instance: proc:U1 ;
+----------------+-------+-----------------------------+
; Parameter Name ; Value ; Type                        ;
+----------------+-------+-----------------------------+
; T0             ; 00    ; Unsigned Binary             ;
; T1             ; 01    ; Unsigned Binary             ;
; T2             ; 10    ; Unsigned Binary             ;
; T3             ; 11    ; Unsigned Binary             ;
; mv             ; 000   ; Unsigned Binary             ;
; mvi            ; 001   ; Unsigned Binary             ;
; add            ; 010   ; Unsigned Binary             ;
; sub            ; 011   ; Unsigned Binary             ;
+----------------+-------+-----------------------------+
Note: In order to hide this table in the UI and the text report file, please set the "Show Parameter Settings in Synthesis Report" option in "Analysis and Synthesis Settings -> More Settings" to "Off".


+-----------------------------------------------------------------+
; Parameter Settings for User Entity Instance: proc:U1|regn:reg_0 ;
+----------------+-------+----------------------------------------+
; Parameter Name ; Value ; Type                                   ;
+----------------+-------+----------------------------------------+
; n              ; 9     ; Signed Integer                         ;
+----------------+-------+----------------------------------------+
Note: In order to hide this table in the UI and the text report file, please set the "Show Parameter Settings in Synthesis Report" option in "Analysis and Synthesis Settings -> More Settings" to "Off".


+-----------------------------------------------------------------+
; Parameter Settings for User Entity Instance: proc:U1|regn:reg_1 ;
+----------------+-------+----------------------------------------+
; Parameter Name ; Value ; Type                                   ;
+----------------+-------+----------------------------------------+
; n              ; 9     ; Signed Integer                         ;
+----------------+-------+----------------------------------------+
Note: In order to hide this table in the UI and the text report file, please set the "Show Parameter Settings in Synthesis Report" option in "Analysis and Synthesis Settings -> More Settings" to "Off".


+-----------------------------------------------------------------+
; Parameter Settings for User Entity Instance: proc:U1|regn:reg_2 ;
+----------------+-------+----------------------------------------+
; Parameter Name ; Value ; Type                                   ;
+----------------+-------+----------------------------------------+
; n              ; 9     ; Signed Integer                         ;
+----------------+-------+----------------------------------------+
Note: In order to hide this table in the UI and the text report file, please set the "Show Parameter Settings in Synthesis Report" option in "Analysis and Synthesis Settings -> More Settings" to "Off".


+-----------------------------------------------------------------+
; Parameter Settings for User Entity Instance: proc:U1|regn:reg_3 ;
+----------------+-------+----------------------------------------+
; Parameter Name ; Value ; Type                                   ;
+----------------+-------+----------------------------------------+
; n              ; 9     ; Signed Integer                         ;
+----------------+-------+----------------------------------------+
Note: In order to hide this table in the UI and the text report file, please set the "Show Parameter Settings in Synthesis Report" option in "Analysis and Synthesis Settings -> More Settings" to "Off".


+-----------------------------------------------------------------+
; Parameter Settings for User Entity Instance: proc:U1|regn:reg_4 ;
+----------------+-------+----------------------------------------+
; Parameter Name ; Value ; Type                                   ;
+----------------+-------+----------------------------------------+
; n              ; 9     ; Signed Integer                         ;
+----------------+-------+----------------------------------------+
Note: In order to hide this table in the UI and the text report file, please set the "Show Parameter Settings in Synthesis Report" option in "Analysis and Synthesis Settings -> More Settings" to "Off".


+-----------------------------------------------------------------+
; Parameter Settings for User Entity Instance: proc:U1|regn:reg_5 ;
+----------------+-------+----------------------------------------+
; Parameter Name ; Value ; Type                                   ;
+----------------+-------+----------------------------------------+
; n              ; 9     ; Signed Integer                         ;
+----------------+-------+----------------------------------------+
Note: In order to hide this table in the UI and the text report file, please set the "Show Parameter Settings in Synthesis Report" option in "Analysis and Synthesis Settings -> More Settings" to "Off".


+-----------------------------------------------------------------+
; Parameter Settings for User Entity Instance: proc:U1|regn:reg_6 ;
+----------------+-------+----------------------------------------+
; Parameter Name ; Value ; Type                                   ;
+----------------+-------+----------------------------------------+
; n              ; 9     ; Signed Integer                         ;
+----------------+-------+----------------------------------------+
Note: In order to hide this table in the UI and the text report file, please set the "Show Parameter Settings in Synthesis Report" option in "Analysis and Synthesis Settings -> More Settings" to "Off".


+-----------------------------------------------------------------+
; Parameter Settings for User Entity Instance: proc:U1|regn:reg_7 ;
+----------------+-------+----------------------------------------+
; Parameter Name ; Value ; Type                                   ;
+----------------+-------+----------------------------------------+
; n              ; 9     ; Signed Integer                         ;
+----------------+-------+----------------------------------------+
Note: In order to hide this table in the UI and the text report file, please set the "Show Parameter Settings in Synthesis Report" option in "Analysis and Synthesis Settings -> More Settings" to "Off".


+-----------------------------------------------------------------+
; Parameter Settings for User Entity Instance: proc:U1|regn:reg_A ;
+----------------+-------+----------------------------------------+
; Parameter Name ; Value ; Type                                   ;
+----------------+-------+----------------------------------------+
; n              ; 9     ; Signed Integer                         ;
+----------------+-------+----------------------------------------+
Note: In order to hide this table in the UI and the text report file, please set the "Show Parameter Settings in Synthesis Report" option in "Analysis and Synthesis Settings -> More Settings" to "Off".


+------------------------------------------------------------------+
; Parameter Settings for User Entity Instance: proc:U1|regn:reg_IR ;
+----------------+-------+-----------------------------------------+
; Parameter Name ; Value ; Type                                    ;
+----------------+-------+-----------------------------------------+
; n              ; 9     ; Signed Integer                          ;
+----------------+-------+-----------------------------------------+
Note: In order to hide this table in the UI and the text report file, please set the "Show Parameter Settings in Synthesis Report" option in "Analysis and Synthesis Settings -> More Settings" to "Off".


+-----------------------------------------------------------------+
; Parameter Settings for User Entity Instance: proc:U1|regn:reg_G ;
+----------------+-------+----------------------------------------+
; Parameter Name ; Value ; Type                                   ;
+----------------+-------+----------------------------------------+
; n              ; 9     ; Signed Integer                         ;
+----------------+-------+----------------------------------------+
Note: In order to hide this table in the UI and the text report file, please set the "Show Parameter Settings in Synthesis Report" option in "Analysis and Synthesis Settings -> More Settings" to "Off".


+-----------------------------------------------------------------------------------------------------------+
; Parameter Settings for User Entity Instance: inst_mem:U2|altsyncram:altsyncram_component                  ;
+------------------------------------+-----------------------------------------------------+----------------+
; Parameter Name                     ; Value                                               ; Type           ;
+------------------------------------+-----------------------------------------------------+----------------+
; BYTE_SIZE_BLOCK                    ; 8                                                   ; Untyped        ;
; AUTO_CARRY_CHAINS                  ; ON                                                  ; AUTO_CARRY     ;
; IGNORE_CARRY_BUFFERS               ; OFF                                                 ; IGNORE_CARRY   ;
; AUTO_CASCADE_CHAINS                ; ON                                                  ; AUTO_CASCADE   ;
; IGNORE_CASCADE_BUFFERS             ; OFF                                                 ; IGNORE_CASCADE ;
; WIDTH_BYTEENA                      ; 1                                                   ; Untyped        ;
; OPERATION_MODE                     ; ROM                                                 ; Untyped        ;
; WIDTH_A                            ; 9                                                   ; Signed Integer ;
; WIDTHAD_A                          ; 5                                                   ; Signed Integer ;
; NUMWORDS_A                         ; 32                                                  ; Signed Integer ;
; OUTDATA_REG_A                      ; UNREGISTERED                                        ; Untyped        ;
; ADDRESS_ACLR_A                     ; NONE                                                ; Untyped        ;
; OUTDATA_ACLR_A                     ; NONE                                                ; Untyped        ;
; WRCONTROL_ACLR_A                   ; NONE                                                ; Untyped        ;
; INDATA_ACLR_A                      ; NONE                                                ; Untyped        ;
; BYTEENA_ACLR_A                     ; NONE                                                ; Untyped        ;
; WIDTH_B                            ; 1                                                   ; Untyped        ;
; WIDTHAD_B                          ; 1                                                   ; Untyped        ;
; NUMWORDS_B                         ; 1                                                   ; Untyped        ;
; INDATA_REG_B                       ; CLOCK1                                              ; Untyped        ;
; WRCONTROL_WRADDRESS_REG_B          ; CLOCK1                                              ; Untyped        ;
; RDCONTROL_REG_B                    ; CLOCK1                                              ; Untyped        ;
; ADDRESS_REG_B                      ; CLOCK1                                              ; Untyped        ;
; OUTDATA_REG_B                      ; UNREGISTERED                                        ; Untyped        ;
; BYTEENA_REG_B                      ; CLOCK1                                              ; Untyped        ;
; INDATA_ACLR_B                      ; NONE                                                ; Untyped        ;
; WRCONTROL_ACLR_B                   ; NONE                                                ; Untyped        ;
; ADDRESS_ACLR_B                     ; NONE                                                ; Untyped        ;
; OUTDATA_ACLR_B                     ; NONE                                                ; Untyped        ;
; RDCONTROL_ACLR_B                   ; NONE                                                ; Untyped        ;
; BYTEENA_ACLR_B                     ; NONE                                                ; Untyped        ;
; WIDTH_BYTEENA_A                    ; 1                                                   ; Signed Integer ;
; WIDTH_BYTEENA_B                    ; 1                                                   ; Untyped        ;
; RAM_BLOCK_TYPE                     ; AUTO                                                ; Untyped        ;
; BYTE_SIZE                          ; 8                                                   ; Untyped        ;
; READ_DURING_WRITE_MODE_MIXED_PORTS ; DONT_CARE                                           ; Untyped        ;
; READ_DURING_WRITE_MODE_PORT_A      ; NEW_DATA_NO_NBE_READ                                ; Untyped        ;
; READ_DURING_WRITE_MODE_PORT_B      ; NEW_DATA_NO_NBE_READ                                ; Untyped        ;
; INIT_FILE                          ; W:/ECE243/Design_Files_1/part2.Verilog/inst_mem.mif ; Untyped        ;
; INIT_FILE_LAYOUT                   ; PORT_A                                              ; Untyped        ;
; MAXIMUM_DEPTH                      ; 0                                                   ; Untyped        ;
; CLOCK_ENABLE_INPUT_A               ; BYPASS                                              ; Untyped        ;
; CLOCK_ENABLE_INPUT_B               ; NORMAL                                              ; Untyped        ;
; CLOCK_ENABLE_OUTPUT_A              ; BYPASS                                              ; Untyped        ;
; CLOCK_ENABLE_OUTPUT_B              ; NORMAL                                              ; Untyped        ;
; CLOCK_ENABLE_CORE_A                ; USE_INPUT_CLKEN                                     ; Untyped        ;
; CLOCK_ENABLE_CORE_B                ; USE_INPUT_CLKEN                                     ; Untyped        ;
; ENABLE_ECC                         ; FALSE                                               ; Untyped        ;
; ECC_PIPELINE_STAGE_ENABLED         ; FALSE                                               ; Untyped        ;
; WIDTH_ECCSTATUS                    ; 3                                                   ; Untyped        ;
; DEVICE_FAMILY                      ; Cyclone V                                           ; Untyped        ;
; CBXI_PARAMETER                     ; altsyncram_5oj1                                     ; Untyped        ;
+------------------------------------+-----------------------------------------------------+----------------+
Note: In order to hide this table in the UI and the text report file, please set the "Show Parameter Settings in Synthesis Report" option in "Analysis and Synthesis Settings -> More Settings" to "Off".


+-----------------------------------------------------------------------------------------+
; altsyncram Parameter Settings by Entity Instance                                        ;
+-------------------------------------------+---------------------------------------------+
; Name                                      ; Value                                       ;
+-------------------------------------------+---------------------------------------------+
; Number of entity instances                ; 1                                           ;
; Entity Instance                           ; inst_mem:U2|altsyncram:altsyncram_component ;
;     -- OPERATION_MODE                     ; ROM                                         ;
;     -- WIDTH_A                            ; 9                                           ;
;     -- NUMWORDS_A                         ; 32                                          ;
;     -- OUTDATA_REG_A                      ; UNREGISTERED                                ;
;     -- WIDTH_B                            ; 1                                           ;
;     -- NUMWORDS_B                         ; 1                                           ;
;     -- ADDRESS_REG_B                      ; CLOCK1                                      ;
;     -- OUTDATA_REG_B                      ; UNREGISTERED                                ;
;     -- RAM_BLOCK_TYPE                     ; AUTO                                        ;
;     -- READ_DURING_WRITE_MODE_MIXED_PORTS ; DONT_CARE                                   ;
+-------------------------------------------+---------------------------------------------+


+--------------------------------------------------+
; Port Connectivity Checks: "proc:U1|dec3to8:decY" ;
+------+-------+----------+------------------------+
; Port ; Type  ; Severity ; Details                ;
+------+-------+----------+------------------------+
; En   ; Input ; Info     ; Stuck at VCC           ;
+------+-------+----------+------------------------+


+--------------------------------------------------+
; Port Connectivity Checks: "proc:U1|dec3to8:decX" ;
+------+-------+----------+------------------------+
; Port ; Type  ; Severity ; Details                ;
+------+-------+----------+------------------------+
; En   ; Input ; Info     ; Stuck at VCC           ;
+------+-------+----------+------------------------+


+-----------------------------------------------------+
; Post-Synthesis Netlist Statistics for Top Partition ;
+-----------------------+-----------------------------+
; Type                  ; Count                       ;
+-----------------------+-----------------------------+
; arriav_ff             ; 108                         ;
;     CLR               ; 9                           ;
;     ENA               ; 99                          ;
; arriav_lcell_comb     ; 96                          ;
;     arith             ; 10                          ;
;         2 data inputs ; 1                           ;
;         4 data inputs ; 9                           ;
;     normal            ; 86                          ;
;         1 data inputs ; 2                           ;
;         2 data inputs ; 9                           ;
;         3 data inputs ; 9                           ;
;         4 data inputs ; 21                          ;
;         5 data inputs ; 8                           ;
;         6 data inputs ; 37                          ;
; boundary_port         ; 22                          ;
; stratixv_ram_block    ; 9                           ;
;                       ;                             ;
; Max LUT depth         ; 8.80                        ;
; Average LUT depth     ; 5.21                        ;
+-----------------------+-----------------------------+


+-------------------------------+
; Elapsed Time Per Partition    ;
+----------------+--------------+
; Partition Name ; Elapsed Time ;
+----------------+--------------+
; Top            ; 00:00:01     ;
+----------------+--------------+


+-------------------------------+
; Analysis & Synthesis Messages ;
+-------------------------------+
Info: *******************************************************************
Info: Running Quartus Prime Analysis & Synthesis
    Info: Version 18.0.0 Build 614 04/24/2018 SJ Standard Edition
    Info: Processing started: Mon Jan 28 14:44:42 2019
Info: Command: quartus_map --read_settings_files=on --write_settings_files=off part2 -c part2
Warning (18236): Number of processors has not been specified which may cause overloading on shared machines.  Set the global assignment NUM_PARALLEL_PROCESSORS in your QSF to an appropriate value for best performance.
Info (20030): Parallel compilation is enabled and will use 4 of the 4 processors detected
Info (12021): Found 2 design units, including 2 entities, in source file part2.v
    Info (12023): Found entity 1: part2 File: W:/ECE243/Design_Files_1/part2.Verilog/part2.v Line: 5
    Info (12023): Found entity 2: count5 File: W:/ECE243/Design_Files_1/part2.Verilog/part2.v Line: 30
Info (12021): Found 1 design units, including 1 entities, in source file inst_mem.v
    Info (12023): Found entity 1: inst_mem File: W:/ECE243/Design_Files_1/part2.Verilog/inst_mem.v Line: 39
Info (12127): Elaborating entity "part2" for the top level hierarchy
Warning (12125): Using design file proc.v, which is not specified as a design file for the current project, but contains definitions for 3 design units and 3 entities in project
    Info (12023): Found entity 1: proc File: W:/ECE243/Design_Files_1/part2.Verilog/proc.v Line: 3
    Info (12023): Found entity 2: dec3to8 File: W:/ECE243/Design_Files_1/part2.Verilog/proc.v Line: 169
    Info (12023): Found entity 3: regn File: W:/ECE243/Design_Files_1/part2.Verilog/proc.v Line: 193
Info (12128): Elaborating entity "proc" for hierarchy "proc:U1" File: W:/ECE243/Design_Files_1/part2.Verilog/part2.v Line: 20
Info (12128): Elaborating entity "dec3to8" for hierarchy "proc:U1|dec3to8:decX" File: W:/ECE243/Design_Files_1/part2.Verilog/proc.v Line: 22
Info (12128): Elaborating entity "regn" for hierarchy "proc:U1|regn:reg_0" File: W:/ECE243/Design_Files_1/part2.Verilog/proc.v Line: 119
Info (12128): Elaborating entity "inst_mem" for hierarchy "inst_mem:U2" File: W:/ECE243/Design_Files_1/part2.Verilog/part2.v Line: 25
Info (12128): Elaborating entity "altsyncram" for hierarchy "inst_mem:U2|altsyncram:altsyncram_component" File: W:/ECE243/Design_Files_1/part2.Verilog/inst_mem.v Line: 81
Info (12130): Elaborated megafunction instantiation "inst_mem:U2|altsyncram:altsyncram_component" File: W:/ECE243/Design_Files_1/part2.Verilog/inst_mem.v Line: 81
Info (12133): Instantiated megafunction "inst_mem:U2|altsyncram:altsyncram_component" with the following parameter: File: W:/ECE243/Design_Files_1/part2.Verilog/inst_mem.v Line: 81
    Info (12134): Parameter "address_aclr_a" = "NONE"
    Info (12134): Parameter "clock_enable_input_a" = "BYPASS"
    Info (12134): Parameter "clock_enable_output_a" = "BYPASS"
    Info (12134): Parameter "init_file" = "W:/ECE243/Design_Files_1/part2.Verilog/inst_mem.mif"
    Info (12134): Parameter "intended_device_family" = "Cyclone V"
    Info (12134): Parameter "lpm_hint" = "ENABLE_RUNTIME_MOD=NO"
    Info (12134): Parameter "lpm_type" = "altsyncram"
    Info (12134): Parameter "numwords_a" = "32"
    Info (12134): Parameter "operation_mode" = "ROM"
    Info (12134): Parameter "outdata_aclr_a" = "NONE"
    Info (12134): Parameter "outdata_reg_a" = "UNREGISTERED"
    Info (12134): Parameter "widthad_a" = "5"
    Info (12134): Parameter "width_a" = "9"
    Info (12134): Parameter "width_byteena_a" = "1"
Info (12021): Found 1 design units, including 1 entities, in source file db/altsyncram_5oj1.tdf
    Info (12023): Found entity 1: altsyncram_5oj1 File: W:/ECE243/Design_Files_1/part2.Verilog/db/altsyncram_5oj1.tdf Line: 27
Info (12128): Elaborating entity "altsyncram_5oj1" for hierarchy "inst_mem:U2|altsyncram:altsyncram_component|altsyncram_5oj1:auto_generated" File: c:/desl/quartus18/quartus/libraries/megafunctions/altsyncram.tdf Line: 791
Info (12128): Elaborating entity "count5" for hierarchy "count5:U3" File: W:/ECE243/Design_Files_1/part2.Verilog/part2.v Line: 26
Info (286030): Timing-Driven Synthesis is running
Info (17049): 2 registers lost all their fanouts during netlist optimizations.
Info (16010): Generating hard_block partition "hard_block:auto_generated_inst"
    Info (16011): Adding 0 node(s), including 0 DDIO, 0 PLL, 0 transceiver and 0 LCELL
Warning (21074): Design contains 8 input pin(s) that do not drive logic
    Warning (15610): No output dependent on input pin "SW[1]" File: W:/ECE243/Design_Files_1/part2.Verilog/part2.v Line: 7
    Warning (15610): No output dependent on input pin "SW[2]" File: W:/ECE243/Design_Files_1/part2.Verilog/part2.v Line: 7
    Warning (15610): No output dependent on input pin "SW[3]" File: W:/ECE243/Design_Files_1/part2.Verilog/part2.v Line: 7
    Warning (15610): No output dependent on input pin "SW[4]" File: W:/ECE243/Design_Files_1/part2.Verilog/part2.v Line: 7
    Warning (15610): No output dependent on input pin "SW[5]" File: W:/ECE243/Design_Files_1/part2.Verilog/part2.v Line: 7
    Warning (15610): No output dependent on input pin "SW[6]" File: W:/ECE243/Design_Files_1/part2.Verilog/part2.v Line: 7
    Warning (15610): No output dependent on input pin "SW[7]" File: W:/ECE243/Design_Files_1/part2.Verilog/part2.v Line: 7
    Warning (15610): No output dependent on input pin "SW[8]" File: W:/ECE243/Design_Files_1/part2.Verilog/part2.v Line: 7
Info (21057): Implemented 217 device resources after synthesis - the final resource count might be different
    Info (21058): Implemented 12 input pins
    Info (21059): Implemented 10 output pins
    Info (21061): Implemented 186 logic cells
    Info (21064): Implemented 9 RAM segments
Info: Quartus Prime Analysis & Synthesis was successful. 0 errors, 11 warnings
    Info: Peak virtual memory: 734 megabytes
    Info: Processing ended: Mon Jan 28 14:45:02 2019
    Info: Elapsed time: 00:00:20
    Info: Total CPU time (on all processors): 00:00:25


